INFO - 2021-11-16 05:38:58 --> Controller "CodeIgniter\CLI\CommandRunner" loaded.
INFO - 2021-11-16 05:42:36 --> Controller "App\Controllers\base\Beranda" loaded.
CRITICAL - 2021-11-16 05:42:40 --> No connection could be made because the target machine actively refused it.

#0 C:\xampp\htdocs\lama\htdocs\SIDOINIKAH\system\Database\BaseConnection.php(377): CodeIgniter\Database\MySQLi\Connection->connect(false)
#1 C:\xampp\htdocs\lama\htdocs\SIDOINIKAH\system\Database\BaseConnection.php(643): CodeIgniter\Database\BaseConnection->initialize()
#2 C:\xampp\htdocs\lama\htdocs\SIDOINIKAH\system\Database\BaseBuilder.php(1819): CodeIgniter\Database\BaseConnection->query('SELECT *\nFROM `...', Array, false)
#3 C:\xampp\htdocs\lama\htdocs\SIDOINIKAH\app\Models\base\BerandaModel.php(31): CodeIgniter\Database\BaseBuilder->get()
#4 C:\xampp\htdocs\lama\htdocs\SIDOINIKAH\app\Controllers\base\Beranda.php(26): App\Models\base\BerandaModel->get_all_themes()
#5 C:\xampp\htdocs\lama\htdocs\SIDOINIKAH\system\CodeIgniter.php(910): App\Controllers\base\Beranda->index()
#6 C:\xampp\htdocs\lama\htdocs\SIDOINIKAH\system\CodeIgniter.php(398): CodeIgniter\CodeIgniter->runController(Object(App\Controllers\base\Beranda))
#7 C:\xampp\htdocs\lama\htdocs\SIDOINIKAH\system\CodeIgniter.php(306): CodeIgniter\CodeIgniter->handleRequest(NULL, Object(Config\Cache), false)
#8 C:\xampp\htdocs\lama\htdocs\SIDOINIKAH\public\index.php(45): CodeIgniter\CodeIgniter->run()
#9 C:\xampp\htdocs\lama\htdocs\SIDOINIKAH\system\Commands\Server\rewrite.php(34): require_once('C:\\xampp\\htdocs...')
#10 {main}
INFO - 2021-11-16 05:42:42 --> Controller "App\Controllers\base\Beranda" loaded.
CRITICAL - 2021-11-16 05:42:46 --> No connection could be made because the target machine actively refused it.

#0 C:\xampp\htdocs\lama\htdocs\SIDOINIKAH\system\Database\BaseConnection.php(377): CodeIgniter\Database\MySQLi\Connection->connect(false)
#1 C:\xampp\htdocs\lama\htdocs\SIDOINIKAH\system\Database\BaseConnection.php(643): CodeIgniter\Database\BaseConnection->initialize()
#2 C:\xampp\htdocs\lama\htdocs\SIDOINIKAH\system\Database\BaseBuilder.php(1819): CodeIgniter\Database\BaseConnection->query('SELECT *\nFROM `...', Array, false)
#3 C:\xampp\htdocs\lama\htdocs\SIDOINIKAH\app\Models\base\BerandaModel.php(31): CodeIgniter\Database\BaseBuilder->get()
#4 C:\xampp\htdocs\lama\htdocs\SIDOINIKAH\app\Controllers\base\Beranda.php(26): App\Models\base\BerandaModel->get_all_themes()
#5 C:\xampp\htdocs\lama\htdocs\SIDOINIKAH\system\CodeIgniter.php(910): App\Controllers\base\Beranda->index()
#6 C:\xampp\htdocs\lama\htdocs\SIDOINIKAH\system\CodeIgniter.php(398): CodeIgniter\CodeIgniter->runController(Object(App\Controllers\base\Beranda))
#7 C:\xampp\htdocs\lama\htdocs\SIDOINIKAH\system\CodeIgniter.php(306): CodeIgniter\CodeIgniter->handleRequest(NULL, Object(Config\Cache), false)
#8 C:\xampp\htdocs\lama\htdocs\SIDOINIKAH\public\index.php(45): CodeIgniter\CodeIgniter->run()
#9 C:\xampp\htdocs\lama\htdocs\SIDOINIKAH\system\Commands\Server\rewrite.php(34): require_once('C:\\xampp\\htdocs...')
#10 {main}
INFO - 2021-11-16 05:56:14 --> Controller "App\Controllers\base\Beranda" loaded.
INFO - 2021-11-16 05:56:36 --> Controller "App\Controllers\base\Beranda" loaded.
INFO - 2021-11-16 05:57:03 --> Controller "App\Controllers\base\Beranda" loaded.
INFO - 2021-11-16 05:59:39 --> Controller "App\Controllers\base\Beranda" loaded.
INFO - 2021-11-16 05:59:45 --> Session: Class initialized using 'CodeIgniter\Session\Handlers\FileHandler' driver.
INFO - 2021-11-16 05:59:45 --> Session: Class initialized using 'CodeIgniter\Session\Handlers\FileHandler' driver.
INFO - 2021-11-16 05:59:46 --> Controller "App\Controllers\base\Dashboard" loaded.
INFO - 2021-11-16 09:41:07 --> Controller "CodeIgniter\CLI\CommandRunner" loaded.
INFO - 2021-11-16 09:45:02 --> Controller "App\Controllers\base\Beranda" loaded.
INFO - 2021-11-16 09:45:10 --> Controller "App\Controllers\base\Beranda" loaded.
INFO - 2021-11-16 09:45:15 --> Controller "App\Controllers\base\Beranda" loaded.
INFO - 2021-11-16 09:46:12 --> Session: Class initialized using 'CodeIgniter\Session\Handlers\FileHandler' driver.
INFO - 2021-11-16 09:46:12 --> Controller "App\Controllers\admin\Admin" loaded.
INFO - 2021-11-16 09:46:12 --> Session: Class initialized using 'CodeIgniter\Session\Handlers\FileHandler' driver.
INFO - 2021-11-16 09:46:12 --> Controller "App\Controllers\admin\Admin" loaded.
INFO - 2021-11-16 09:47:02 --> Session: Class initialized using 'CodeIgniter\Session\Handlers\FileHandler' driver.
INFO - 2021-11-16 09:47:02 --> Controller "App\Controllers\admin\Admin" loaded.
INFO - 2021-11-16 09:50:05 --> Session: Class initialized using 'CodeIgniter\Session\Handlers\FileHandler' driver.
INFO - 2021-11-16 09:50:05 --> Session: Class initialized using 'CodeIgniter\Session\Handlers\FileHandler' driver.
INFO - 2021-11-16 09:50:05 --> Controller "App\Controllers\admin\Admin" loaded.
INFO - 2021-11-16 09:50:49 --> Session: Class initialized using 'CodeIgniter\Session\Handlers\FileHandler' driver.
INFO - 2021-11-16 09:50:49 --> Controller "App\Controllers\admin\Admin" loaded.
INFO - 2021-11-16 09:50:49 --> Session: Class initialized using 'CodeIgniter\Session\Handlers\FileHandler' driver.
INFO - 2021-11-16 09:50:49 --> Controller "App\Controllers\admin\Admin" loaded.
INFO - 2021-11-16 09:51:21 --> Session: Class initialized using 'CodeIgniter\Session\Handlers\FileHandler' driver.
INFO - 2021-11-16 09:51:21 --> Controller "App\Controllers\admin\Admin" loaded.
INFO - 2021-11-16 09:51:22 --> Session: Class initialized using 'CodeIgniter\Session\Handlers\FileHandler' driver.
INFO - 2021-11-16 09:51:22 --> Controller "App\Controllers\admin\Admin" loaded.
INFO - 2021-11-16 09:51:34 --> Session: Class initialized using 'CodeIgniter\Session\Handlers\FileHandler' driver.
INFO - 2021-11-16 09:51:34 --> Controller "App\Controllers\admin\Admin" loaded.
INFO - 2021-11-16 09:51:45 --> Session: Class initialized using 'CodeIgniter\Session\Handlers\FileHandler' driver.
INFO - 2021-11-16 09:51:45 --> Controller "App\Controllers\admin\Admin" loaded.
INFO - 2021-11-16 09:51:45 --> Session: Class initialized using 'CodeIgniter\Session\Handlers\FileHandler' driver.
INFO - 2021-11-16 09:51:45 --> Controller "App\Controllers\admin\Admin" loaded.
INFO - 2021-11-16 09:52:08 --> Session: Class initialized using 'CodeIgniter\Session\Handlers\FileHandler' driver.
INFO - 2021-11-16 09:52:08 --> Controller "App\Controllers\admin\Admin" loaded.
INFO - 2021-11-16 09:52:08 --> Session: Class initialized using 'CodeIgniter\Session\Handlers\FileHandler' driver.
INFO - 2021-11-16 09:52:08 --> Controller "App\Controllers\admin\Admin" loaded.
INFO - 2021-11-16 09:52:35 --> Session: Class initialized using 'CodeIgniter\Session\Handlers\FileHandler' driver.
INFO - 2021-11-16 09:52:35 --> Controller "App\Controllers\admin\Admin" loaded.
INFO - 2021-11-16 09:53:00 --> Session: Class initialized using 'CodeIgniter\Session\Handlers\FileHandler' driver.
INFO - 2021-11-16 09:53:00 --> Controller "App\Controllers\admin\Admin" loaded.
INFO - 2021-11-16 09:53:05 --> Session: Class initialized using 'CodeIgniter\Session\Handlers\FileHandler' driver.
INFO - 2021-11-16 09:53:05 --> Controller "App\Controllers\undangan\Undangan" loaded.
INFO - 2021-11-16 09:53:25 --> Session: Class initialized using 'CodeIgniter\Session\Handlers\FileHandler' driver.
INFO - 2021-11-16 09:53:25 --> Controller "App\Controllers\admin\Admin" loaded.
INFO - 2021-11-16 09:53:31 --> Session: Class initialized using 'CodeIgniter\Session\Handlers\FileHandler' driver.
INFO - 2021-11-16 09:53:31 --> Controller "App\Controllers\admin\Admin" loaded.
INFO - 2021-11-16 09:53:37 --> Session: Class initialized using 'CodeIgniter\Session\Handlers\FileHandler' driver.
INFO - 2021-11-16 09:53:37 --> Session: Class initialized using 'CodeIgniter\Session\Handlers\FileHandler' driver.
INFO - 2021-11-16 09:53:38 --> Controller "App\Controllers\admin\Admin" loaded.
INFO - 2021-11-16 09:53:38 --> Session: Class initialized using 'CodeIgniter\Session\Handlers\FileHandler' driver.
INFO - 2021-11-16 09:53:38 --> Controller "App\Controllers\admin\Admin" loaded.
INFO - 2021-11-16 09:53:47 --> Session: Class initialized using 'CodeIgniter\Session\Handlers\FileHandler' driver.
INFO - 2021-11-16 09:53:47 --> Session: Class initialized using 'CodeIgniter\Session\Handlers\FileHandler' driver.
INFO - 2021-11-16 09:53:47 --> Controller "App\Controllers\admin\Admin" loaded.
INFO - 2021-11-16 09:53:48 --> Session: Class initialized using 'CodeIgniter\Session\Handlers\FileHandler' driver.
INFO - 2021-11-16 09:53:48 --> Controller "App\Controllers\admin\Admin" loaded.
INFO - 2021-11-16 09:54:31 --> Session: Class initialized using 'CodeIgniter\Session\Handlers\FileHandler' driver.
INFO - 2021-11-16 09:54:31 --> Controller "App\Controllers\admin\Admin" loaded.
INFO - 2021-11-16 09:54:48 --> Session: Class initialized using 'CodeIgniter\Session\Handlers\FileHandler' driver.
INFO - 2021-11-16 09:54:48 --> Controller "App\Controllers\admin\Admin" loaded.
CRITICAL - 2021-11-16 09:54:48 --> You must set the database table to be used with your query.
#0 C:\xampp\htdocs\lama\htdocs\SIDOINIKAH\system\Model.php(1190): CodeIgniter\Database\BaseConnection->table(NULL)
#1 C:\xampp\htdocs\lama\htdocs\SIDOINIKAH\system\Model.php(1648): CodeIgniter\Model->builder()
#2 C:\xampp\htdocs\lama\htdocs\SIDOINIKAH\app\Models\admin\AdminModel.php(312): CodeIgniter\Model->__get('maps')
#3 C:\xampp\htdocs\lama\htdocs\SIDOINIKAH\app\Controllers\admin\Admin.php(90): App\Models\admin\AdminModel->delete_user('16')
#4 C:\xampp\htdocs\lama\htdocs\SIDOINIKAH\system\CodeIgniter.php(910): App\Controllers\admin\Admin->do_hapus_user()
#5 C:\xampp\htdocs\lama\htdocs\SIDOINIKAH\system\CodeIgniter.php(398): CodeIgniter\CodeIgniter->runController(Object(App\Controllers\admin\Admin))
#6 C:\xampp\htdocs\lama\htdocs\SIDOINIKAH\system\CodeIgniter.php(306): CodeIgniter\CodeIgniter->handleRequest(NULL, Object(Config\Cache), false)
#7 C:\xampp\htdocs\lama\htdocs\SIDOINIKAH\public\index.php(45): CodeIgniter\CodeIgniter->run()
#8 C:\xampp\htdocs\lama\htdocs\SIDOINIKAH\system\Commands\Server\rewrite.php(34): require_once('C:\\xampp\\htdocs...')
#9 {main}
INFO - 2021-11-16 09:54:54 --> Session: Class initialized using 'CodeIgniter\Session\Handlers\FileHandler' driver.
INFO - 2021-11-16 09:54:54 --> Controller "App\Controllers\admin\Admin" loaded.
CRITICAL - 2021-11-16 09:54:54 --> You must set the database table to be used with your query.
#0 C:\xampp\htdocs\lama\htdocs\SIDOINIKAH\system\Model.php(1190): CodeIgniter\Database\BaseConnection->table(NULL)
#1 C:\xampp\htdocs\lama\htdocs\SIDOINIKAH\system\Model.php(1648): CodeIgniter\Model->builder()
#2 C:\xampp\htdocs\lama\htdocs\SIDOINIKAH\app\Models\admin\AdminModel.php(312): CodeIgniter\Model->__get('maps')
#3 C:\xampp\htdocs\lama\htdocs\SIDOINIKAH\app\Controllers\admin\Admin.php(90): App\Models\admin\AdminModel->delete_user('16')
#4 C:\xampp\htdocs\lama\htdocs\SIDOINIKAH\system\CodeIgniter.php(910): App\Controllers\admin\Admin->do_hapus_user()
#5 C:\xampp\htdocs\lama\htdocs\SIDOINIKAH\system\CodeIgniter.php(398): CodeIgniter\CodeIgniter->runController(Object(App\Controllers\admin\Admin))
#6 C:\xampp\htdocs\lama\htdocs\SIDOINIKAH\system\CodeIgniter.php(306): CodeIgniter\CodeIgniter->handleRequest(NULL, Object(Config\Cache), false)
#7 C:\xampp\htdocs\lama\htdocs\SIDOINIKAH\public\index.php(45): CodeIgniter\CodeIgniter->run()
#8 C:\xampp\htdocs\lama\htdocs\SIDOINIKAH\system\Commands\Server\rewrite.php(34): require_once('C:\\xampp\\htdocs...')
#9 {main}
INFO - 2021-11-16 09:55:44 --> Session: Class initialized using 'CodeIgniter\Session\Handlers\FileHandler' driver.
INFO - 2021-11-16 09:55:44 --> Controller "App\Controllers\admin\Admin" loaded.
INFO - 2021-11-16 09:55:45 --> Session: Class initialized using 'CodeIgniter\Session\Handlers\FileHandler' driver.
INFO - 2021-11-16 09:55:45 --> Controller "App\Controllers\admin\Admin" loaded.
INFO - 2021-11-16 09:55:45 --> Session: Class initialized using 'CodeIgniter\Session\Handlers\FileHandler' driver.
INFO - 2021-11-16 09:55:45 --> Controller "App\Controllers\admin\Admin" loaded.
INFO - 2021-11-16 09:55:45 --> Session: Class initialized using 'CodeIgniter\Session\Handlers\FileHandler' driver.
INFO - 2021-11-16 09:55:45 --> Controller "App\Controllers\admin\Admin" loaded.
INFO - 2021-11-16 09:55:46 --> Session: Class initialized using 'CodeIgniter\Session\Handlers\FileHandler' driver.
INFO - 2021-11-16 09:55:46 --> Controller "App\Controllers\admin\Admin" loaded.
INFO - 2021-11-16 09:55:46 --> Session: Class initialized using 'CodeIgniter\Session\Handlers\FileHandler' driver.
INFO - 2021-11-16 09:55:46 --> Controller "App\Controllers\admin\Admin" loaded.
INFO - 2021-11-16 09:55:46 --> Session: Class initialized using 'CodeIgniter\Session\Handlers\FileHandler' driver.
INFO - 2021-11-16 09:55:46 --> Controller "App\Controllers\admin\Admin" loaded.
INFO - 2021-11-16 09:55:46 --> Session: Class initialized using 'CodeIgniter\Session\Handlers\FileHandler' driver.
INFO - 2021-11-16 09:55:46 --> Controller "App\Controllers\admin\Admin" loaded.
INFO - 2021-11-16 09:55:47 --> Session: Class initialized using 'CodeIgniter\Session\Handlers\FileHandler' driver.
INFO - 2021-11-16 09:55:47 --> Controller "App\Controllers\admin\Admin" loaded.
INFO - 2021-11-16 09:55:47 --> Session: Class initialized using 'CodeIgniter\Session\Handlers\FileHandler' driver.
INFO - 2021-11-16 09:55:47 --> Controller "App\Controllers\admin\Admin" loaded.
INFO - 2021-11-16 09:55:47 --> Session: Class initialized using 'CodeIgniter\Session\Handlers\FileHandler' driver.
INFO - 2021-11-16 09:55:47 --> Controller "App\Controllers\admin\Admin" loaded.
CRITICAL - 2021-11-16 09:55:47 --> You must set the database table to be used with your query.
#0 C:\xampp\htdocs\lama\htdocs\SIDOINIKAH\system\Model.php(1190): CodeIgniter\Database\BaseConnection->table(NULL)
#1 C:\xampp\htdocs\lama\htdocs\SIDOINIKAH\system\Model.php(1648): CodeIgniter\Model->builder()
#2 C:\xampp\htdocs\lama\htdocs\SIDOINIKAH\app\Models\admin\AdminModel.php(312): CodeIgniter\Model->__get('maps')
#3 C:\xampp\htdocs\lama\htdocs\SIDOINIKAH\app\Controllers\admin\Admin.php(90): App\Models\admin\AdminModel->delete_user('16')
#4 C:\xampp\htdocs\lama\htdocs\SIDOINIKAH\system\CodeIgniter.php(910): App\Controllers\admin\Admin->do_hapus_user()
#5 C:\xampp\htdocs\lama\htdocs\SIDOINIKAH\system\CodeIgniter.php(398): CodeIgniter\CodeIgniter->runController(Object(App\Controllers\admin\Admin))
#6 C:\xampp\htdocs\lama\htdocs\SIDOINIKAH\system\CodeIgniter.php(306): CodeIgniter\CodeIgniter->handleRequest(NULL, Object(Config\Cache), false)
#7 C:\xampp\htdocs\lama\htdocs\SIDOINIKAH\public\index.php(45): CodeIgniter\CodeIgniter->run()
#8 C:\xampp\htdocs\lama\htdocs\SIDOINIKAH\system\Commands\Server\rewrite.php(34): require_once('C:\\xampp\\htdocs...')
#9 {main}
INFO - 2021-11-16 09:55:47 --> Session: Class initialized using 'CodeIgniter\Session\Handlers\FileHandler' driver.
INFO - 2021-11-16 09:55:47 --> Controller "App\Controllers\admin\Admin" loaded.
INFO - 2021-11-16 09:55:48 --> Session: Class initialized using 'CodeIgniter\Session\Handlers\FileHandler' driver.
INFO - 2021-11-16 09:55:48 --> Controller "App\Controllers\admin\Admin" loaded.
INFO - 2021-11-16 09:55:48 --> Session: Class initialized using 'CodeIgniter\Session\Handlers\FileHandler' driver.
INFO - 2021-11-16 09:55:48 --> Controller "App\Controllers\admin\Admin" loaded.
INFO - 2021-11-16 09:55:48 --> Session: Class initialized using 'CodeIgniter\Session\Handlers\FileHandler' driver.
INFO - 2021-11-16 09:55:48 --> Controller "App\Controllers\admin\Admin" loaded.
INFO - 2021-11-16 09:55:48 --> Session: Class initialized using 'CodeIgniter\Session\Handlers\FileHandler' driver.
INFO - 2021-11-16 09:55:49 --> Controller "App\Controllers\admin\Admin" loaded.
INFO - 2021-11-16 09:55:49 --> Session: Class initialized using 'CodeIgniter\Session\Handlers\FileHandler' driver.
INFO - 2021-11-16 09:55:49 --> Controller "App\Controllers\admin\Admin" loaded.
INFO - 2021-11-16 09:55:49 --> Session: Class initialized using 'CodeIgniter\Session\Handlers\FileHandler' driver.
INFO - 2021-11-16 09:55:49 --> Controller "App\Controllers\admin\Admin" loaded.
INFO - 2021-11-16 09:55:49 --> Session: Class initialized using 'CodeIgniter\Session\Handlers\FileHandler' driver.
INFO - 2021-11-16 09:55:49 --> Controller "App\Controllers\admin\Admin" loaded.
INFO - 2021-11-16 09:55:49 --> Session: Class initialized using 'CodeIgniter\Session\Handlers\FileHandler' driver.
INFO - 2021-11-16 09:55:50 --> Controller "App\Controllers\admin\Admin" loaded.
INFO - 2021-11-16 09:55:50 --> Session: Class initialized using 'CodeIgniter\Session\Handlers\FileHandler' driver.
INFO - 2021-11-16 09:55:50 --> Controller "App\Controllers\admin\Admin" loaded.
INFO - 2021-11-16 09:55:50 --> Session: Class initialized using 'CodeIgniter\Session\Handlers\FileHandler' driver.
INFO - 2021-11-16 09:55:50 --> Controller "App\Controllers\admin\Admin" loaded.
INFO - 2021-11-16 09:59:15 --> Session: Class initialized using 'CodeIgniter\Session\Handlers\FileHandler' driver.
INFO - 2021-11-16 09:59:15 --> Session: Class initialized using 'CodeIgniter\Session\Handlers\FileHandler' driver.
INFO - 2021-11-16 09:59:15 --> Controller "App\Controllers\admin\Admin" loaded.
INFO - 2021-11-16 09:59:16 --> Session: Class initialized using 'CodeIgniter\Session\Handlers\FileHandler' driver.
INFO - 2021-11-16 09:59:16 --> Controller "App\Controllers\admin\Admin" loaded.
INFO - 2021-11-16 10:00:29 --> Session: Class initialized using 'CodeIgniter\Session\Handlers\FileHandler' driver.
INFO - 2021-11-16 10:00:29 --> Session: Class initialized using 'CodeIgniter\Session\Handlers\FileHandler' driver.
INFO - 2021-11-16 10:00:29 --> Controller "App\Controllers\admin\Admin" loaded.
INFO - 2021-11-16 10:00:29 --> Session: Class initialized using 'CodeIgniter\Session\Handlers\FileHandler' driver.
INFO - 2021-11-16 10:00:29 --> Controller "App\Controllers\admin\Admin" loaded.
INFO - 2021-11-16 10:01:31 --> Session: Class initialized using 'CodeIgniter\Session\Handlers\FileHandler' driver.
INFO - 2021-11-16 10:01:32 --> Controller "App\Controllers\admin\Admin" loaded.
CRITICAL - 2021-11-16 10:01:32 --> You must set the database table to be used with your query.
#0 C:\xampp\htdocs\lama\htdocs\SIDOINIKAH\system\Model.php(1190): CodeIgniter\Database\BaseConnection->table(NULL)
#1 C:\xampp\htdocs\lama\htdocs\SIDOINIKAH\system\Model.php(1648): CodeIgniter\Model->builder()
#2 C:\xampp\htdocs\lama\htdocs\SIDOINIKAH\app\Models\admin\AdminModel.php(312): CodeIgniter\Model->__get('maps')
#3 C:\xampp\htdocs\lama\htdocs\SIDOINIKAH\app\Controllers\admin\Admin.php(90): App\Models\admin\AdminModel->delete_user(16)
#4 C:\xampp\htdocs\lama\htdocs\SIDOINIKAH\system\CodeIgniter.php(910): App\Controllers\admin\Admin->do_hapus_user()
#5 C:\xampp\htdocs\lama\htdocs\SIDOINIKAH\system\CodeIgniter.php(398): CodeIgniter\CodeIgniter->runController(Object(App\Controllers\admin\Admin))
#6 C:\xampp\htdocs\lama\htdocs\SIDOINIKAH\system\CodeIgniter.php(306): CodeIgniter\CodeIgniter->handleRequest(NULL, Object(Config\Cache), false)
#7 C:\xampp\htdocs\lama\htdocs\SIDOINIKAH\public\index.php(45): CodeIgniter\CodeIgniter->run()
#8 C:\xampp\htdocs\lama\htdocs\SIDOINIKAH\system\Commands\Server\rewrite.php(34): require_once('C:\\xampp\\htdocs...')
#9 {main}
INFO - 2021-11-16 10:01:33 --> Session: Class initialized using 'CodeIgniter\Session\Handlers\FileHandler' driver.
INFO - 2021-11-16 10:01:33 --> Controller "App\Controllers\admin\Admin" loaded.
INFO - 2021-11-16 10:01:33 --> Session: Class initialized using 'CodeIgniter\Session\Handlers\FileHandler' driver.
INFO - 2021-11-16 10:01:33 --> Controller "App\Controllers\admin\Admin" loaded.
INFO - 2021-11-16 10:03:03 --> Session: Class initialized using 'CodeIgniter\Session\Handlers\FileHandler' driver.
INFO - 2021-11-16 10:03:03 --> Controller "App\Controllers\undangan\Undangan" loaded.
INFO - 2021-11-16 10:03:04 --> Session: Class initialized using 'CodeIgniter\Session\Handlers\FileHandler' driver.
INFO - 2021-11-16 10:03:04 --> Controller "App\Controllers\undangan\Undangan" loaded.
INFO - 2021-11-16 10:03:08 --> Controller "App\Controllers\base\Beranda" loaded.
INFO - 2021-11-16 10:03:12 --> Session: Class initialized using 'CodeIgniter\Session\Handlers\FileHandler' driver.
INFO - 2021-11-16 10:03:13 --> Controller "App\Controllers\base\Order" loaded.
INFO - 2021-11-16 10:03:13 --> Controller "App\Controllers\base\Beranda" loaded.
INFO - 2021-11-16 10:03:20 --> Session: Class initialized using 'CodeIgniter\Session\Handlers\FileHandler' driver.
INFO - 2021-11-16 10:03:20 --> Controller "App\Controllers\base\Order" loaded.
INFO - 2021-11-16 10:03:37 --> Session: Class initialized using 'CodeIgniter\Session\Handlers\FileHandler' driver.
INFO - 2021-11-16 10:03:37 --> Controller "App\Controllers\base\Order" loaded.
INFO - 2021-11-16 10:03:49 --> Session: Class initialized using 'CodeIgniter\Session\Handlers\FileHandler' driver.
INFO - 2021-11-16 10:03:49 --> Controller "App\Controllers\base\Order" loaded.
INFO - 2021-11-16 10:04:07 --> Session: Class initialized using 'CodeIgniter\Session\Handlers\FileHandler' driver.
INFO - 2021-11-16 10:04:07 --> Controller "App\Controllers\base\Order" loaded.
INFO - 2021-11-16 10:04:30 --> Controller "App\Controllers\base\Beranda" loaded.
INFO - 2021-11-16 10:04:31 --> Controller "App\Controllers\base\Beranda" loaded.
INFO - 2021-11-16 10:04:31 --> Controller "App\Controllers\base\Beranda" loaded.
INFO - 2021-11-16 10:04:31 --> Controller "App\Controllers\base\Beranda" loaded.
INFO - 2021-11-16 10:04:46 --> Session: Class initialized using 'CodeIgniter\Session\Handlers\FileHandler' driver.
INFO - 2021-11-16 10:04:46 --> Controller "App\Controllers\base\Order" loaded.
INFO - 2021-11-16 10:04:52 --> Session: Class initialized using 'CodeIgniter\Session\Handlers\FileHandler' driver.
INFO - 2021-11-16 10:04:53 --> Controller "App\Controllers\base\Order" loaded.
INFO - 2021-11-16 10:04:54 --> Controller "App\Controllers\base\Beranda" loaded.
INFO - 2021-11-16 10:04:55 --> Controller "App\Controllers\base\Beranda" loaded.
INFO - 2021-11-16 10:04:56 --> Controller "App\Controllers\base\Beranda" loaded.
INFO - 2021-11-16 10:04:57 --> Controller "App\Controllers\base\Beranda" loaded.
INFO - 2021-11-16 10:05:24 --> Controller "App\Controllers\base\Beranda" loaded.
INFO - 2021-11-16 10:05:26 --> Controller "App\Controllers\base\Beranda" loaded.
INFO - 2021-11-16 10:05:27 --> Controller "App\Controllers\base\Beranda" loaded.
INFO - 2021-11-16 10:05:27 --> Controller "App\Controllers\base\Beranda" loaded.
INFO - 2021-11-16 10:05:27 --> Controller "App\Controllers\base\Beranda" loaded.
INFO - 2021-11-16 10:05:34 --> Session: Class initialized using 'CodeIgniter\Session\Handlers\FileHandler' driver.
INFO - 2021-11-16 10:05:34 --> Controller "App\Controllers\base\Order" loaded.
INFO - 2021-11-16 10:05:36 --> Controller "App\Controllers\base\Beranda" loaded.
INFO - 2021-11-16 10:05:37 --> Controller "App\Controllers\base\Beranda" loaded.
INFO - 2021-11-16 10:05:38 --> Controller "App\Controllers\base\Beranda" loaded.
INFO - 2021-11-16 10:05:38 --> Controller "App\Controllers\base\Beranda" loaded.
INFO - 2021-11-16 10:06:02 --> Session: Class initialized using 'CodeIgniter\Session\Handlers\FileHandler' driver.
INFO - 2021-11-16 10:06:02 --> Controller "App\Controllers\base\Order" loaded.
INFO - 2021-11-16 10:06:03 --> Controller "App\Controllers\base\Beranda" loaded.
INFO - 2021-11-16 10:06:04 --> Controller "App\Controllers\base\Beranda" loaded.
INFO - 2021-11-16 10:06:04 --> Controller "App\Controllers\base\Beranda" loaded.
INFO - 2021-11-16 10:06:05 --> Controller "App\Controllers\base\Beranda" loaded.
INFO - 2021-11-16 10:06:14 --> Session: Class initialized using 'CodeIgniter\Session\Handlers\FileHandler' driver.
INFO - 2021-11-16 10:06:14 --> Controller "App\Controllers\base\Order" loaded.
INFO - 2021-11-16 10:06:15 --> Controller "App\Controllers\base\Beranda" loaded.
INFO - 2021-11-16 10:06:16 --> Controller "App\Controllers\base\Beranda" loaded.
INFO - 2021-11-16 10:06:16 --> Controller "App\Controllers\base\Beranda" loaded.
INFO - 2021-11-16 10:06:17 --> Controller "App\Controllers\base\Beranda" loaded.
INFO - 2021-11-16 10:06:18 --> Controller "App\Controllers\base\Beranda" loaded.
INFO - 2021-11-16 10:06:25 --> Session: Class initialized using 'CodeIgniter\Session\Handlers\FileHandler' driver.
INFO - 2021-11-16 10:06:25 --> Controller "App\Controllers\base\Order" loaded.
INFO - 2021-11-16 10:06:25 --> Session: Class initialized using 'CodeIgniter\Session\Handlers\FileHandler' driver.
INFO - 2021-11-16 10:06:25 --> Controller "App\Controllers\base\Order" loaded.
INFO - 2021-11-16 10:06:28 --> Session: Class initialized using 'CodeIgniter\Session\Handlers\FileHandler' driver.
INFO - 2021-11-16 10:06:28 --> Controller "App\Controllers\base\Order" loaded.
INFO - 2021-11-16 10:06:29 --> Controller "App\Controllers\base\Beranda" loaded.
INFO - 2021-11-16 10:06:30 --> Controller "App\Controllers\base\Beranda" loaded.
INFO - 2021-11-16 10:06:30 --> Controller "App\Controllers\base\Beranda" loaded.
INFO - 2021-11-16 10:06:31 --> Controller "App\Controllers\base\Beranda" loaded.
INFO - 2021-11-16 10:06:32 --> Session: Class initialized using 'CodeIgniter\Session\Handlers\FileHandler' driver.
INFO - 2021-11-16 10:06:33 --> Controller "App\Controllers\base\Order" loaded.
INFO - 2021-11-16 10:06:34 --> Session: Class initialized using 'CodeIgniter\Session\Handlers\FileHandler' driver.
INFO - 2021-11-16 10:06:34 --> Controller "App\Controllers\base\Order" loaded.
INFO - 2021-11-16 10:06:36 --> Controller "App\Controllers\base\Beranda" loaded.
INFO - 2021-11-16 10:06:36 --> Controller "App\Controllers\base\Beranda" loaded.
INFO - 2021-11-16 10:06:37 --> Controller "App\Controllers\base\Beranda" loaded.
INFO - 2021-11-16 10:06:37 --> Controller "App\Controllers\base\Beranda" loaded.
INFO - 2021-11-16 10:06:45 --> Session: Class initialized using 'CodeIgniter\Session\Handlers\FileHandler' driver.
INFO - 2021-11-16 10:06:45 --> Controller "App\Controllers\undangan\Undangan" loaded.
INFO - 2021-11-16 10:06:48 --> Session: Class initialized using 'CodeIgniter\Session\Handlers\FileHandler' driver.
INFO - 2021-11-16 10:06:48 --> Controller "App\Controllers\undangan\Undangan" loaded.
INFO - 2021-11-16 10:06:48 --> Session: Class initialized using 'CodeIgniter\Session\Handlers\FileHandler' driver.
INFO - 2021-11-16 10:06:49 --> Controller "App\Controllers\base\Dashboard" loaded.
INFO - 2021-11-16 10:07:30 --> Session: Class initialized using 'CodeIgniter\Session\Handlers\FileHandler' driver.
INFO - 2021-11-16 10:07:31 --> Controller "App\Controllers\base\Dashboard" loaded.
INFO - 2021-11-16 10:07:52 --> Session: Class initialized using 'CodeIgniter\Session\Handlers\FileHandler' driver.
INFO - 2021-11-16 10:07:52 --> Controller "App\Controllers\base\Dashboard" loaded.
INFO - 2021-11-16 10:07:52 --> Session: Class initialized using 'CodeIgniter\Session\Handlers\FileHandler' driver.
INFO - 2021-11-16 10:07:53 --> Controller "App\Controllers\base\Dashboard" loaded.
INFO - 2021-11-16 10:08:00 --> Session: Class initialized using 'CodeIgniter\Session\Handlers\FileHandler' driver.
INFO - 2021-11-16 10:08:00 --> Controller "App\Controllers\base\Dashboard" loaded.
INFO - 2021-11-16 10:08:44 --> Session: Class initialized using 'CodeIgniter\Session\Handlers\FileHandler' driver.
INFO - 2021-11-16 10:08:44 --> Controller "App\Controllers\base\Dashboard" loaded.
INFO - 2021-11-16 10:08:44 --> Session: Class initialized using 'CodeIgniter\Session\Handlers\FileHandler' driver.
INFO - 2021-11-16 10:08:44 --> Controller "App\Controllers\base\Dashboard" loaded.
INFO - 2021-11-16 10:09:44 --> Session: Class initialized using 'CodeIgniter\Session\Handlers\FileHandler' driver.
INFO - 2021-11-16 10:09:44 --> Controller "App\Controllers\admin\Admin" loaded.
INFO - 2021-11-16 10:09:44 --> Session: Class initialized using 'CodeIgniter\Session\Handlers\FileHandler' driver.
INFO - 2021-11-16 10:09:44 --> Controller "App\Controllers\admin\Admin" loaded.
INFO - 2021-11-16 10:09:48 --> Session: Class initialized using 'CodeIgniter\Session\Handlers\FileHandler' driver.
INFO - 2021-11-16 10:09:48 --> Controller "App\Controllers\admin\Admin" loaded.
INFO - 2021-11-16 10:09:49 --> Session: Class initialized using 'CodeIgniter\Session\Handlers\FileHandler' driver.
INFO - 2021-11-16 10:09:49 --> Controller "App\Controllers\admin\Admin" loaded.
INFO - 2021-11-16 10:09:50 --> Session: Class initialized using 'CodeIgniter\Session\Handlers\FileHandler' driver.
INFO - 2021-11-16 10:09:50 --> Controller "App\Controllers\admin\Admin" loaded.
INFO - 2021-11-16 10:09:50 --> Session: Class initialized using 'CodeIgniter\Session\Handlers\FileHandler' driver.
INFO - 2021-11-16 10:09:50 --> Controller "App\Controllers\admin\Admin" loaded.
INFO - 2021-11-16 10:09:50 --> Session: Class initialized using 'CodeIgniter\Session\Handlers\FileHandler' driver.
INFO - 2021-11-16 10:09:50 --> Controller "App\Controllers\admin\Admin" loaded.
INFO - 2021-11-16 10:09:50 --> Session: Class initialized using 'CodeIgniter\Session\Handlers\FileHandler' driver.
INFO - 2021-11-16 10:09:50 --> Controller "App\Controllers\admin\Admin" loaded.
INFO - 2021-11-16 10:09:51 --> Session: Class initialized using 'CodeIgniter\Session\Handlers\FileHandler' driver.
INFO - 2021-11-16 10:09:51 --> Controller "App\Controllers\admin\Admin" loaded.
INFO - 2021-11-16 10:09:51 --> Session: Class initialized using 'CodeIgniter\Session\Handlers\FileHandler' driver.
INFO - 2021-11-16 10:09:51 --> Controller "App\Controllers\admin\Admin" loaded.
INFO - 2021-11-16 10:09:51 --> Session: Class initialized using 'CodeIgniter\Session\Handlers\FileHandler' driver.
INFO - 2021-11-16 10:09:51 --> Controller "App\Controllers\admin\Admin" loaded.
INFO - 2021-11-16 10:09:51 --> Session: Class initialized using 'CodeIgniter\Session\Handlers\FileHandler' driver.
INFO - 2021-11-16 10:09:51 --> Controller "App\Controllers\admin\Admin" loaded.
INFO - 2021-11-16 10:09:52 --> Session: Class initialized using 'CodeIgniter\Session\Handlers\FileHandler' driver.
INFO - 2021-11-16 10:09:52 --> Controller "App\Controllers\admin\Admin" loaded.
INFO - 2021-11-16 10:09:52 --> Session: Class initialized using 'CodeIgniter\Session\Handlers\FileHandler' driver.
INFO - 2021-11-16 10:09:52 --> Controller "App\Controllers\admin\Admin" loaded.
INFO - 2021-11-16 10:09:53 --> Session: Class initialized using 'CodeIgniter\Session\Handlers\FileHandler' driver.
INFO - 2021-11-16 10:09:53 --> Controller "App\Controllers\admin\Admin" loaded.
INFO - 2021-11-16 10:09:53 --> Session: Class initialized using 'CodeIgniter\Session\Handlers\FileHandler' driver.
INFO - 2021-11-16 10:09:53 --> Controller "App\Controllers\admin\Admin" loaded.
INFO - 2021-11-16 10:09:54 --> Session: Class initialized using 'CodeIgniter\Session\Handlers\FileHandler' driver.
INFO - 2021-11-16 10:09:55 --> Controller "App\Controllers\admin\Admin" loaded.
INFO - 2021-11-16 10:09:55 --> Session: Class initialized using 'CodeIgniter\Session\Handlers\FileHandler' driver.
INFO - 2021-11-16 10:09:56 --> Controller "App\Controllers\admin\Admin" loaded.
INFO - 2021-11-16 10:10:10 --> Session: Class initialized using 'CodeIgniter\Session\Handlers\FileHandler' driver.
INFO - 2021-11-16 10:10:10 --> Controller "App\Controllers\admin\Admin" loaded.
INFO - 2021-11-16 10:10:32 --> Session: Class initialized using 'CodeIgniter\Session\Handlers\FileHandler' driver.
INFO - 2021-11-16 10:10:32 --> Controller "App\Controllers\undangan\Undangan" loaded.
INFO - 2021-11-16 10:10:34 --> Session: Class initialized using 'CodeIgniter\Session\Handlers\FileHandler' driver.
INFO - 2021-11-16 10:10:34 --> Controller "App\Controllers\undangan\Undangan" loaded.
INFO - 2021-11-16 10:10:43 --> Session: Class initialized using 'CodeIgniter\Session\Handlers\FileHandler' driver.
INFO - 2021-11-16 10:10:43 --> Controller "App\Controllers\admin\Admin" loaded.
INFO - 2021-11-16 10:10:49 --> Session: Class initialized using 'CodeIgniter\Session\Handlers\FileHandler' driver.
INFO - 2021-11-16 10:10:49 --> Controller "App\Controllers\admin\Admin" loaded.
INFO - 2021-11-16 10:11:10 --> Session: Class initialized using 'CodeIgniter\Session\Handlers\FileHandler' driver.
INFO - 2021-11-16 10:11:10 --> Controller "App\Controllers\admin\Admin" loaded.
INFO - 2021-11-16 10:11:11 --> Session: Class initialized using 'CodeIgniter\Session\Handlers\FileHandler' driver.
INFO - 2021-11-16 10:11:11 --> Controller "App\Controllers\admin\Admin" loaded.
INFO - 2021-11-16 10:11:25 --> Session: Class initialized using 'CodeIgniter\Session\Handlers\FileHandler' driver.
INFO - 2021-11-16 10:11:25 --> Controller "App\Controllers\undangan\Undangan" loaded.
INFO - 2021-11-16 10:11:26 --> Session: Class initialized using 'CodeIgniter\Session\Handlers\FileHandler' driver.
INFO - 2021-11-16 10:11:26 --> Controller "App\Controllers\undangan\Undangan" loaded.
INFO - 2021-11-16 10:11:39 --> Session: Class initialized using 'CodeIgniter\Session\Handlers\FileHandler' driver.
INFO - 2021-11-16 10:11:39 --> Controller "App\Controllers\base\Order" loaded.
INFO - 2021-11-16 10:11:41 --> Controller "App\Controllers\base\Beranda" loaded.
INFO - 2021-11-16 10:11:42 --> Controller "App\Controllers\base\Beranda" loaded.
INFO - 2021-11-16 10:11:42 --> Controller "App\Controllers\base\Beranda" loaded.
INFO - 2021-11-16 10:11:42 --> Controller "App\Controllers\base\Beranda" loaded.
INFO - 2021-11-16 10:12:09 --> Session: Class initialized using 'CodeIgniter\Session\Handlers\FileHandler' driver.
INFO - 2021-11-16 10:12:09 --> Controller "App\Controllers\base\Order" loaded.
INFO - 2021-11-16 10:12:10 --> Controller "App\Controllers\base\Beranda" loaded.
INFO - 2021-11-16 10:12:11 --> Controller "App\Controllers\base\Beranda" loaded.
INFO - 2021-11-16 10:12:12 --> Controller "App\Controllers\base\Beranda" loaded.
INFO - 2021-11-16 10:12:12 --> Controller "App\Controllers\base\Beranda" loaded.
INFO - 2021-11-16 10:12:41 --> Session: Class initialized using 'CodeIgniter\Session\Handlers\FileHandler' driver.
INFO - 2021-11-16 10:12:41 --> Controller "App\Controllers\base\Order" loaded.
INFO - 2021-11-16 10:12:42 --> Controller "App\Controllers\base\Beranda" loaded.
INFO - 2021-11-16 10:12:43 --> Controller "App\Controllers\base\Beranda" loaded.
INFO - 2021-11-16 10:12:43 --> Controller "App\Controllers\base\Beranda" loaded.
INFO - 2021-11-16 10:12:43 --> Controller "App\Controllers\base\Beranda" loaded.
INFO - 2021-11-16 10:12:47 --> Session: Class initialized using 'CodeIgniter\Session\Handlers\FileHandler' driver.
INFO - 2021-11-16 10:12:47 --> Controller "App\Controllers\undangan\Undangan" loaded.
INFO - 2021-11-16 10:12:49 --> Session: Class initialized using 'CodeIgniter\Session\Handlers\FileHandler' driver.
INFO - 2021-11-16 10:12:49 --> Controller "App\Controllers\undangan\Undangan" loaded.
INFO - 2021-11-16 10:23:50 --> Session: Class initialized using 'CodeIgniter\Session\Handlers\FileHandler' driver.
CRITICAL - 2021-11-16 10:23:50 --> You must set the database table to be used with your query.
#0 C:\xampp\htdocs\lama\htdocs\SIDOINIKAH\system\Model.php(1190): CodeIgniter\Database\BaseConnection->table(NULL)
#1 C:\xampp\htdocs\lama\htdocs\SIDOINIKAH\system\Model.php(1700): CodeIgniter\Model->builder()
#2 C:\xampp\htdocs\lama\htdocs\SIDOINIKAH\app\Controllers\undangan\Undangan.php(22): CodeIgniter\Model->__call('cek_order', Array)
#3 C:\xampp\htdocs\lama\htdocs\SIDOINIKAH\system\CodeIgniter.php(882): App\Controllers\undangan\Undangan->__construct()
#4 C:\xampp\htdocs\lama\htdocs\SIDOINIKAH\system\CodeIgniter.php(393): CodeIgniter\CodeIgniter->createController()
#5 C:\xampp\htdocs\lama\htdocs\SIDOINIKAH\system\CodeIgniter.php(306): CodeIgniter\CodeIgniter->handleRequest(NULL, Object(Config\Cache), false)
#6 C:\xampp\htdocs\lama\htdocs\SIDOINIKAH\public\index.php(45): CodeIgniter\CodeIgniter->run()
#7 C:\xampp\htdocs\lama\htdocs\SIDOINIKAH\system\Commands\Server\rewrite.php(34): require_once('C:\\xampp\\htdocs...')
#8 {main}
INFO - 2021-11-16 10:23:51 --> Session: Class initialized using 'CodeIgniter\Session\Handlers\FileHandler' driver.
CRITICAL - 2021-11-16 10:23:51 --> You must set the database table to be used with your query.
#0 C:\xampp\htdocs\lama\htdocs\SIDOINIKAH\system\Model.php(1190): CodeIgniter\Database\BaseConnection->table(NULL)
#1 C:\xampp\htdocs\lama\htdocs\SIDOINIKAH\system\Model.php(1700): CodeIgniter\Model->builder()
#2 C:\xampp\htdocs\lama\htdocs\SIDOINIKAH\app\Controllers\undangan\Undangan.php(22): CodeIgniter\Model->__call('cek_order', Array)
#3 C:\xampp\htdocs\lama\htdocs\SIDOINIKAH\system\CodeIgniter.php(882): App\Controllers\undangan\Undangan->__construct()
#4 C:\xampp\htdocs\lama\htdocs\SIDOINIKAH\system\CodeIgniter.php(393): CodeIgniter\CodeIgniter->createController()
#5 C:\xampp\htdocs\lama\htdocs\SIDOINIKAH\system\CodeIgniter.php(306): CodeIgniter\CodeIgniter->handleRequest(NULL, Object(Config\Cache), false)
#6 C:\xampp\htdocs\lama\htdocs\SIDOINIKAH\public\index.php(45): CodeIgniter\CodeIgniter->run()
#7 C:\xampp\htdocs\lama\htdocs\SIDOINIKAH\system\Commands\Server\rewrite.php(34): require_once('C:\\xampp\\htdocs...')
#8 {main}
INFO - 2021-11-16 10:24:07 --> Session: Class initialized using 'CodeIgniter\Session\Handlers\FileHandler' driver.
INFO - 2021-11-16 10:24:07 --> Controller "App\Controllers\undangan\Undangan" loaded.
CRITICAL - 2021-11-16 10:24:07 --> Invalid file: {0}
#0 C:\xampp\htdocs\lama\htdocs\SIDOINIKAH\system\View\View.php(224): CodeIgniter\Exceptions\FrameworkException::forInvalidFile('undangan/themes...')
#1 C:\xampp\htdocs\lama\htdocs\SIDOINIKAH\system\Common.php(1071): CodeIgniter\View\View->render('undangan/themes...', Array, true)
#2 C:\xampp\htdocs\lama\htdocs\SIDOINIKAH\app\Controllers\undangan\Undangan.php(94): view('undangan/themes...', Array)
#3 C:\xampp\htdocs\lama\htdocs\SIDOINIKAH\system\CodeIgniter.php(910): App\Controllers\undangan\Undangan->undangan()
#4 C:\xampp\htdocs\lama\htdocs\SIDOINIKAH\system\CodeIgniter.php(398): CodeIgniter\CodeIgniter->runController(Object(App\Controllers\undangan\Undangan))
#5 C:\xampp\htdocs\lama\htdocs\SIDOINIKAH\system\CodeIgniter.php(306): CodeIgniter\CodeIgniter->handleRequest(NULL, Object(Config\Cache), false)
#6 C:\xampp\htdocs\lama\htdocs\SIDOINIKAH\public\index.php(45): CodeIgniter\CodeIgniter->run()
#7 C:\xampp\htdocs\lama\htdocs\SIDOINIKAH\system\Commands\Server\rewrite.php(34): require_once('C:\\xampp\\htdocs...')
#8 {main}
INFO - 2021-11-16 10:24:08 --> Session: Class initialized using 'CodeIgniter\Session\Handlers\FileHandler' driver.
INFO - 2021-11-16 10:24:08 --> Controller "App\Controllers\undangan\Undangan" loaded.
INFO - 2021-11-16 10:26:17 --> Session: Class initialized using 'CodeIgniter\Session\Handlers\FileHandler' driver.
CRITICAL - 2021-11-16 10:26:17 --> Call to undefined method CodeIgniter\Database\MySQLi\Result::num_rows()
#0 C:\xampp\htdocs\lama\htdocs\SIDOINIKAH\app\Controllers\undangan\Undangan.php(22): App\Models\undangan\UndanganModel->cek_order('nawawiawal')
#1 C:\xampp\htdocs\lama\htdocs\SIDOINIKAH\system\CodeIgniter.php(882): App\Controllers\undangan\Undangan->__construct()
#2 C:\xampp\htdocs\lama\htdocs\SIDOINIKAH\system\CodeIgniter.php(393): CodeIgniter\CodeIgniter->createController()
#3 C:\xampp\htdocs\lama\htdocs\SIDOINIKAH\system\CodeIgniter.php(306): CodeIgniter\CodeIgniter->handleRequest(NULL, Object(Config\Cache), false)
#4 C:\xampp\htdocs\lama\htdocs\SIDOINIKAH\public\index.php(45): CodeIgniter\CodeIgniter->run()
#5 C:\xampp\htdocs\lama\htdocs\SIDOINIKAH\system\Commands\Server\rewrite.php(34): require_once('C:\\xampp\\htdocs...')
#6 {main}
INFO - 2021-11-16 10:26:17 --> Session: Class initialized using 'CodeIgniter\Session\Handlers\FileHandler' driver.
CRITICAL - 2021-11-16 10:26:17 --> Call to undefined method CodeIgniter\Database\MySQLi\Result::num_rows()
#0 C:\xampp\htdocs\lama\htdocs\SIDOINIKAH\app\Controllers\undangan\Undangan.php(22): App\Models\undangan\UndanganModel->cek_order('')
#1 C:\xampp\htdocs\lama\htdocs\SIDOINIKAH\system\CodeIgniter.php(882): App\Controllers\undangan\Undangan->__construct()
#2 C:\xampp\htdocs\lama\htdocs\SIDOINIKAH\system\CodeIgniter.php(393): CodeIgniter\CodeIgniter->createController()
#3 C:\xampp\htdocs\lama\htdocs\SIDOINIKAH\system\CodeIgniter.php(306): CodeIgniter\CodeIgniter->handleRequest(NULL, Object(Config\Cache), false)
#4 C:\xampp\htdocs\lama\htdocs\SIDOINIKAH\public\index.php(45): CodeIgniter\CodeIgniter->run()
#5 C:\xampp\htdocs\lama\htdocs\SIDOINIKAH\system\Commands\Server\rewrite.php(34): require_once('C:\\xampp\\htdocs...')
#6 {main}
INFO - 2021-11-16 10:27:01 --> Session: Class initialized using 'CodeIgniter\Session\Handlers\FileHandler' driver.
CRITICAL - 2021-11-16 10:27:01 --> Call to undefined method CodeIgniter\Database\MySQLi\Result::num_rows()
#0 C:\xampp\htdocs\lama\htdocs\SIDOINIKAH\app\Controllers\undangan\Undangan.php(22): App\Models\undangan\UndanganModel->cek_order('nawawiawal')
#1 C:\xampp\htdocs\lama\htdocs\SIDOINIKAH\system\CodeIgniter.php(882): App\Controllers\undangan\Undangan->__construct()
#2 C:\xampp\htdocs\lama\htdocs\SIDOINIKAH\system\CodeIgniter.php(393): CodeIgniter\CodeIgniter->createController()
#3 C:\xampp\htdocs\lama\htdocs\SIDOINIKAH\system\CodeIgniter.php(306): CodeIgniter\CodeIgniter->handleRequest(NULL, Object(Config\Cache), false)
#4 C:\xampp\htdocs\lama\htdocs\SIDOINIKAH\public\index.php(45): CodeIgniter\CodeIgniter->run()
#5 C:\xampp\htdocs\lama\htdocs\SIDOINIKAH\system\Commands\Server\rewrite.php(34): require_once('C:\\xampp\\htdocs...')
#6 {main}
INFO - 2021-11-16 10:27:01 --> Session: Class initialized using 'CodeIgniter\Session\Handlers\FileHandler' driver.
CRITICAL - 2021-11-16 10:27:01 --> Call to undefined method CodeIgniter\Database\MySQLi\Result::num_rows()
#0 C:\xampp\htdocs\lama\htdocs\SIDOINIKAH\app\Controllers\undangan\Undangan.php(22): App\Models\undangan\UndanganModel->cek_order('')
#1 C:\xampp\htdocs\lama\htdocs\SIDOINIKAH\system\CodeIgniter.php(882): App\Controllers\undangan\Undangan->__construct()
#2 C:\xampp\htdocs\lama\htdocs\SIDOINIKAH\system\CodeIgniter.php(393): CodeIgniter\CodeIgniter->createController()
#3 C:\xampp\htdocs\lama\htdocs\SIDOINIKAH\system\CodeIgniter.php(306): CodeIgniter\CodeIgniter->handleRequest(NULL, Object(Config\Cache), false)
#4 C:\xampp\htdocs\lama\htdocs\SIDOINIKAH\public\index.php(45): CodeIgniter\CodeIgniter->run()
#5 C:\xampp\htdocs\lama\htdocs\SIDOINIKAH\system\Commands\Server\rewrite.php(34): require_once('C:\\xampp\\htdocs...')
#6 {main}
INFO - 2021-11-16 10:29:11 --> Session: Class initialized using 'CodeIgniter\Session\Handlers\FileHandler' driver.
CRITICAL - 2021-11-16 10:29:11 --> Call to undefined method CodeIgniter\Database\MySQLi\Builder::getNumRows()
#0 C:\xampp\htdocs\lama\htdocs\SIDOINIKAH\app\Controllers\undangan\Undangan.php(22): App\Models\undangan\UndanganModel->cek_order('nawawiawal')
#1 C:\xampp\htdocs\lama\htdocs\SIDOINIKAH\system\CodeIgniter.php(882): App\Controllers\undangan\Undangan->__construct()
#2 C:\xampp\htdocs\lama\htdocs\SIDOINIKAH\system\CodeIgniter.php(393): CodeIgniter\CodeIgniter->createController()
#3 C:\xampp\htdocs\lama\htdocs\SIDOINIKAH\system\CodeIgniter.php(306): CodeIgniter\CodeIgniter->handleRequest(NULL, Object(Config\Cache), false)
#4 C:\xampp\htdocs\lama\htdocs\SIDOINIKAH\public\index.php(45): CodeIgniter\CodeIgniter->run()
#5 C:\xampp\htdocs\lama\htdocs\SIDOINIKAH\system\Commands\Server\rewrite.php(34): require_once('C:\\xampp\\htdocs...')
#6 {main}
INFO - 2021-11-16 10:29:12 --> Session: Class initialized using 'CodeIgniter\Session\Handlers\FileHandler' driver.
CRITICAL - 2021-11-16 10:29:12 --> Call to undefined method CodeIgniter\Database\MySQLi\Builder::getNumRows()
#0 C:\xampp\htdocs\lama\htdocs\SIDOINIKAH\app\Controllers\undangan\Undangan.php(22): App\Models\undangan\UndanganModel->cek_order('')
#1 C:\xampp\htdocs\lama\htdocs\SIDOINIKAH\system\CodeIgniter.php(882): App\Controllers\undangan\Undangan->__construct()
#2 C:\xampp\htdocs\lama\htdocs\SIDOINIKAH\system\CodeIgniter.php(393): CodeIgniter\CodeIgniter->createController()
#3 C:\xampp\htdocs\lama\htdocs\SIDOINIKAH\system\CodeIgniter.php(306): CodeIgniter\CodeIgniter->handleRequest(NULL, Object(Config\Cache), false)
#4 C:\xampp\htdocs\lama\htdocs\SIDOINIKAH\public\index.php(45): CodeIgniter\CodeIgniter->run()
#5 C:\xampp\htdocs\lama\htdocs\SIDOINIKAH\system\Commands\Server\rewrite.php(34): require_once('C:\\xampp\\htdocs...')
#6 {main}
INFO - 2021-11-16 10:30:07 --> Session: Class initialized using 'CodeIgniter\Session\Handlers\FileHandler' driver.
CRITICAL - 2021-11-16 10:30:07 --> Call to undefined method CodeIgniter\Database\MySQLi\Result::getNumRows()
#0 C:\xampp\htdocs\lama\htdocs\SIDOINIKAH\app\Controllers\undangan\Undangan.php(22): App\Models\undangan\UndanganModel->cek_order('nawawiawal')
#1 C:\xampp\htdocs\lama\htdocs\SIDOINIKAH\system\CodeIgniter.php(882): App\Controllers\undangan\Undangan->__construct()
#2 C:\xampp\htdocs\lama\htdocs\SIDOINIKAH\system\CodeIgniter.php(393): CodeIgniter\CodeIgniter->createController()
#3 C:\xampp\htdocs\lama\htdocs\SIDOINIKAH\system\CodeIgniter.php(306): CodeIgniter\CodeIgniter->handleRequest(NULL, Object(Config\Cache), false)
#4 C:\xampp\htdocs\lama\htdocs\SIDOINIKAH\public\index.php(45): CodeIgniter\CodeIgniter->run()
#5 C:\xampp\htdocs\lama\htdocs\SIDOINIKAH\system\Commands\Server\rewrite.php(34): require_once('C:\\xampp\\htdocs...')
#6 {main}
INFO - 2021-11-16 10:30:08 --> Session: Class initialized using 'CodeIgniter\Session\Handlers\FileHandler' driver.
CRITICAL - 2021-11-16 10:30:08 --> Call to undefined method CodeIgniter\Database\MySQLi\Result::getNumRows()
#0 C:\xampp\htdocs\lama\htdocs\SIDOINIKAH\app\Controllers\undangan\Undangan.php(22): App\Models\undangan\UndanganModel->cek_order('')
#1 C:\xampp\htdocs\lama\htdocs\SIDOINIKAH\system\CodeIgniter.php(882): App\Controllers\undangan\Undangan->__construct()
#2 C:\xampp\htdocs\lama\htdocs\SIDOINIKAH\system\CodeIgniter.php(393): CodeIgniter\CodeIgniter->createController()
#3 C:\xampp\htdocs\lama\htdocs\SIDOINIKAH\system\CodeIgniter.php(306): CodeIgniter\CodeIgniter->handleRequest(NULL, Object(Config\Cache), false)
#4 C:\xampp\htdocs\lama\htdocs\SIDOINIKAH\public\index.php(45): CodeIgniter\CodeIgniter->run()
#5 C:\xampp\htdocs\lama\htdocs\SIDOINIKAH\system\Commands\Server\rewrite.php(34): require_once('C:\\xampp\\htdocs...')
#6 {main}
INFO - 2021-11-16 10:32:30 --> Session: Class initialized using 'CodeIgniter\Session\Handlers\FileHandler' driver.
CRITICAL - 2021-11-16 10:32:30 --> Call to undefined method CodeIgniter\Database\MySQLi\Builder::getResult()
#0 C:\xampp\htdocs\lama\htdocs\SIDOINIKAH\app\Controllers\undangan\Undangan.php(22): App\Models\undangan\UndanganModel->cek_order('nawawiawal')
#1 C:\xampp\htdocs\lama\htdocs\SIDOINIKAH\system\CodeIgniter.php(882): App\Controllers\undangan\Undangan->__construct()
#2 C:\xampp\htdocs\lama\htdocs\SIDOINIKAH\system\CodeIgniter.php(393): CodeIgniter\CodeIgniter->createController()
#3 C:\xampp\htdocs\lama\htdocs\SIDOINIKAH\system\CodeIgniter.php(306): CodeIgniter\CodeIgniter->handleRequest(NULL, Object(Config\Cache), false)
#4 C:\xampp\htdocs\lama\htdocs\SIDOINIKAH\public\index.php(45): CodeIgniter\CodeIgniter->run()
#5 C:\xampp\htdocs\lama\htdocs\SIDOINIKAH\system\Commands\Server\rewrite.php(34): require_once('C:\\xampp\\htdocs...')
#6 {main}
INFO - 2021-11-16 10:32:31 --> Session: Class initialized using 'CodeIgniter\Session\Handlers\FileHandler' driver.
CRITICAL - 2021-11-16 10:32:31 --> Call to undefined method CodeIgniter\Database\MySQLi\Builder::getResult()
#0 C:\xampp\htdocs\lama\htdocs\SIDOINIKAH\app\Controllers\undangan\Undangan.php(22): App\Models\undangan\UndanganModel->cek_order('')
#1 C:\xampp\htdocs\lama\htdocs\SIDOINIKAH\system\CodeIgniter.php(882): App\Controllers\undangan\Undangan->__construct()
#2 C:\xampp\htdocs\lama\htdocs\SIDOINIKAH\system\CodeIgniter.php(393): CodeIgniter\CodeIgniter->createController()
#3 C:\xampp\htdocs\lama\htdocs\SIDOINIKAH\system\CodeIgniter.php(306): CodeIgniter\CodeIgniter->handleRequest(NULL, Object(Config\Cache), false)
#4 C:\xampp\htdocs\lama\htdocs\SIDOINIKAH\public\index.php(45): CodeIgniter\CodeIgniter->run()
#5 C:\xampp\htdocs\lama\htdocs\SIDOINIKAH\system\Commands\Server\rewrite.php(34): require_once('C:\\xampp\\htdocs...')
#6 {main}
INFO - 2021-11-16 10:32:41 --> Session: Class initialized using 'CodeIgniter\Session\Handlers\FileHandler' driver.
CRITICAL - 2021-11-16 10:32:41 --> Call to undefined method CodeIgniter\Database\MySQLi\Builder::getNumRows()
#0 C:\xampp\htdocs\lama\htdocs\SIDOINIKAH\app\Controllers\undangan\Undangan.php(22): App\Models\undangan\UndanganModel->cek_order('nawawiawal')
#1 C:\xampp\htdocs\lama\htdocs\SIDOINIKAH\system\CodeIgniter.php(882): App\Controllers\undangan\Undangan->__construct()
#2 C:\xampp\htdocs\lama\htdocs\SIDOINIKAH\system\CodeIgniter.php(393): CodeIgniter\CodeIgniter->createController()
#3 C:\xampp\htdocs\lama\htdocs\SIDOINIKAH\system\CodeIgniter.php(306): CodeIgniter\CodeIgniter->handleRequest(NULL, Object(Config\Cache), false)
#4 C:\xampp\htdocs\lama\htdocs\SIDOINIKAH\public\index.php(45): CodeIgniter\CodeIgniter->run()
#5 C:\xampp\htdocs\lama\htdocs\SIDOINIKAH\system\Commands\Server\rewrite.php(34): require_once('C:\\xampp\\htdocs...')
#6 {main}
INFO - 2021-11-16 10:32:42 --> Session: Class initialized using 'CodeIgniter\Session\Handlers\FileHandler' driver.
CRITICAL - 2021-11-16 10:32:42 --> Call to undefined method CodeIgniter\Database\MySQLi\Builder::getNumRows()
#0 C:\xampp\htdocs\lama\htdocs\SIDOINIKAH\app\Controllers\undangan\Undangan.php(22): App\Models\undangan\UndanganModel->cek_order('')
#1 C:\xampp\htdocs\lama\htdocs\SIDOINIKAH\system\CodeIgniter.php(882): App\Controllers\undangan\Undangan->__construct()
#2 C:\xampp\htdocs\lama\htdocs\SIDOINIKAH\system\CodeIgniter.php(393): CodeIgniter\CodeIgniter->createController()
#3 C:\xampp\htdocs\lama\htdocs\SIDOINIKAH\system\CodeIgniter.php(306): CodeIgniter\CodeIgniter->handleRequest(NULL, Object(Config\Cache), false)
#4 C:\xampp\htdocs\lama\htdocs\SIDOINIKAH\public\index.php(45): CodeIgniter\CodeIgniter->run()
#5 C:\xampp\htdocs\lama\htdocs\SIDOINIKAH\system\Commands\Server\rewrite.php(34): require_once('C:\\xampp\\htdocs...')
#6 {main}
INFO - 2021-11-16 10:33:33 --> Session: Class initialized using 'CodeIgniter\Session\Handlers\FileHandler' driver.
CRITICAL - 2021-11-16 10:33:33 --> Call to undefined method CodeIgniter\Database\MySQLi\Builder::num_rows()
#0 C:\xampp\htdocs\lama\htdocs\SIDOINIKAH\app\Controllers\undangan\Undangan.php(22): App\Models\undangan\UndanganModel->cek_order('nawawiawal')
#1 C:\xampp\htdocs\lama\htdocs\SIDOINIKAH\system\CodeIgniter.php(882): App\Controllers\undangan\Undangan->__construct()
#2 C:\xampp\htdocs\lama\htdocs\SIDOINIKAH\system\CodeIgniter.php(393): CodeIgniter\CodeIgniter->createController()
#3 C:\xampp\htdocs\lama\htdocs\SIDOINIKAH\system\CodeIgniter.php(306): CodeIgniter\CodeIgniter->handleRequest(NULL, Object(Config\Cache), false)
#4 C:\xampp\htdocs\lama\htdocs\SIDOINIKAH\public\index.php(45): CodeIgniter\CodeIgniter->run()
#5 C:\xampp\htdocs\lama\htdocs\SIDOINIKAH\system\Commands\Server\rewrite.php(34): require_once('C:\\xampp\\htdocs...')
#6 {main}
INFO - 2021-11-16 10:33:33 --> Session: Class initialized using 'CodeIgniter\Session\Handlers\FileHandler' driver.
CRITICAL - 2021-11-16 10:33:33 --> Call to undefined method CodeIgniter\Database\MySQLi\Builder::num_rows()
#0 C:\xampp\htdocs\lama\htdocs\SIDOINIKAH\app\Controllers\undangan\Undangan.php(22): App\Models\undangan\UndanganModel->cek_order('')
#1 C:\xampp\htdocs\lama\htdocs\SIDOINIKAH\system\CodeIgniter.php(882): App\Controllers\undangan\Undangan->__construct()
#2 C:\xampp\htdocs\lama\htdocs\SIDOINIKAH\system\CodeIgniter.php(393): CodeIgniter\CodeIgniter->createController()
#3 C:\xampp\htdocs\lama\htdocs\SIDOINIKAH\system\CodeIgniter.php(306): CodeIgniter\CodeIgniter->handleRequest(NULL, Object(Config\Cache), false)
#4 C:\xampp\htdocs\lama\htdocs\SIDOINIKAH\public\index.php(45): CodeIgniter\CodeIgniter->run()
#5 C:\xampp\htdocs\lama\htdocs\SIDOINIKAH\system\Commands\Server\rewrite.php(34): require_once('C:\\xampp\\htdocs...')
#6 {main}
INFO - 2021-11-16 10:34:37 --> Session: Class initialized using 'CodeIgniter\Session\Handlers\FileHandler' driver.
INFO - 2021-11-16 10:34:37 --> Session: Class initialized using 'CodeIgniter\Session\Handlers\FileHandler' driver.
INFO - 2021-11-16 10:34:50 --> Session: Class initialized using 'CodeIgniter\Session\Handlers\FileHandler' driver.
INFO - 2021-11-16 10:34:51 --> Session: Class initialized using 'CodeIgniter\Session\Handlers\FileHandler' driver.
INFO - 2021-11-16 10:34:53 --> Session: Class initialized using 'CodeIgniter\Session\Handlers\FileHandler' driver.
INFO - 2021-11-16 10:34:53 --> Controller "App\Controllers\base\Order" loaded.
INFO - 2021-11-16 10:34:55 --> Controller "App\Controllers\base\Beranda" loaded.
INFO - 2021-11-16 10:34:56 --> Controller "App\Controllers\base\Beranda" loaded.
INFO - 2021-11-16 10:34:57 --> Controller "App\Controllers\base\Beranda" loaded.
INFO - 2021-11-16 10:34:57 --> Controller "App\Controllers\base\Beranda" loaded.
INFO - 2021-11-16 10:35:14 --> Session: Class initialized using 'CodeIgniter\Session\Handlers\FileHandler' driver.
INFO - 2021-11-16 10:35:15 --> Controller "App\Controllers\base\Dashboard" loaded.
INFO - 2021-11-16 10:35:27 --> Session: Class initialized using 'CodeIgniter\Session\Handlers\FileHandler' driver.
INFO - 2021-11-16 10:35:27 --> Controller "App\Controllers\base\Dashboard" loaded.
INFO - 2021-11-16 10:35:46 --> Session: Class initialized using 'CodeIgniter\Session\Handlers\FileHandler' driver.
INFO - 2021-11-16 10:35:46 --> Controller "App\Controllers\base\Dashboard" loaded.
INFO - 2021-11-16 10:35:58 --> Session: Class initialized using 'CodeIgniter\Session\Handlers\FileHandler' driver.
INFO - 2021-11-16 10:35:58 --> Controller "App\Controllers\base\Dashboard" loaded.
INFO - 2021-11-16 10:36:57 --> Controller "App\Controllers\base\Beranda" loaded.
INFO - 2021-11-16 10:36:59 --> Controller "App\Controllers\base\Beranda" loaded.
INFO - 2021-11-16 10:37:00 --> Controller "App\Controllers\base\Beranda" loaded.
INFO - 2021-11-16 10:37:00 --> Controller "App\Controllers\base\Beranda" loaded.
INFO - 2021-11-16 10:37:01 --> Session: Class initialized using 'CodeIgniter\Session\Handlers\FileHandler' driver.
INFO - 2021-11-16 10:37:01 --> Controller "App\Controllers\base\Dashboard" loaded.
INFO - 2021-11-16 10:37:01 --> Session: Class initialized using 'CodeIgniter\Session\Handlers\FileHandler' driver.
INFO - 2021-11-16 10:37:01 --> Controller "App\Controllers\base\Dashboard" loaded.
INFO - 2021-11-16 10:37:04 --> Controller "App\Controllers\base\Beranda" loaded.
INFO - 2021-11-16 10:37:58 --> Session: Class initialized using 'CodeIgniter\Session\Handlers\FileHandler' driver.
INFO - 2021-11-16 10:37:58 --> Controller "App\Controllers\base\Dashboard" loaded.
INFO - 2021-11-16 10:38:03 --> Session: Class initialized using 'CodeIgniter\Session\Handlers\FileHandler' driver.
INFO - 2021-11-16 10:38:03 --> Controller "App\Controllers\base\Dashboard" loaded.
INFO - 2021-11-16 10:38:27 --> Session: Class initialized using 'CodeIgniter\Session\Handlers\FileHandler' driver.
INFO - 2021-11-16 10:38:27 --> Controller "App\Controllers\base\Dashboard" loaded.
