INFO - 2021-03-14 13:40:57 --> Controller "CodeIgniter\CLI\CommandRunner" loaded.
INFO - 2021-03-14 13:42:10 --> Controller "App\Controllers\base\Beranda" loaded.
CRITICAL - 2021-03-14 13:42:10 --> Unknown database 'sidoinikahv2'
#0 C:\xampp\htdocs\SIDOINIKAH\system\Database\BaseConnection.php(377): CodeIgniter\Database\MySQLi\Connection->connect(false)
#1 C:\xampp\htdocs\SIDOINIKAH\system\Database\BaseConnection.php(643): CodeIgniter\Database\BaseConnection->initialize()
#2 C:\xampp\htdocs\SIDOINIKAH\system\Database\BaseBuilder.php(1819): CodeIgniter\Database\BaseConnection->query('SELECT *\nFROM `...', Array, false)
#3 C:\xampp\htdocs\SIDOINIKAH\app\Models\base\BerandaModel.php(31): CodeIgniter\Database\BaseBuilder->get()
#4 C:\xampp\htdocs\SIDOINIKAH\app\Controllers\base\Beranda.php(26): App\Models\base\BerandaModel->get_all_themes()
#5 C:\xampp\htdocs\SIDOINIKAH\system\CodeIgniter.php(910): App\Controllers\base\Beranda->index()
#6 C:\xampp\htdocs\SIDOINIKAH\system\CodeIgniter.php(398): CodeIgniter\CodeIgniter->runController(Object(App\Controllers\base\Beranda))
#7 C:\xampp\htdocs\SIDOINIKAH\system\CodeIgniter.php(306): CodeIgniter\CodeIgniter->handleRequest(NULL, Object(Config\Cache), false)
#8 C:\xampp\htdocs\SIDOINIKAH\public\index.php(45): CodeIgniter\CodeIgniter->run()
#9 C:\xampp\htdocs\SIDOINIKAH\system\Commands\Server\rewrite.php(34): require_once('C:\\xampp\\htdocs...')
#10 {main}
INFO - 2021-03-14 13:42:11 --> Controller "App\Controllers\base\Beranda" loaded.
CRITICAL - 2021-03-14 13:42:11 --> Unknown database 'sidoinikahv2'
#0 C:\xampp\htdocs\SIDOINIKAH\system\Database\BaseConnection.php(377): CodeIgniter\Database\MySQLi\Connection->connect(false)
#1 C:\xampp\htdocs\SIDOINIKAH\system\Database\BaseConnection.php(643): CodeIgniter\Database\BaseConnection->initialize()
#2 C:\xampp\htdocs\SIDOINIKAH\system\Database\BaseBuilder.php(1819): CodeIgniter\Database\BaseConnection->query('SELECT *\nFROM `...', Array, false)
#3 C:\xampp\htdocs\SIDOINIKAH\app\Models\base\BerandaModel.php(31): CodeIgniter\Database\BaseBuilder->get()
#4 C:\xampp\htdocs\SIDOINIKAH\app\Controllers\base\Beranda.php(26): App\Models\base\BerandaModel->get_all_themes()
#5 C:\xampp\htdocs\SIDOINIKAH\system\CodeIgniter.php(910): App\Controllers\base\Beranda->index()
#6 C:\xampp\htdocs\SIDOINIKAH\system\CodeIgniter.php(398): CodeIgniter\CodeIgniter->runController(Object(App\Controllers\base\Beranda))
#7 C:\xampp\htdocs\SIDOINIKAH\system\CodeIgniter.php(306): CodeIgniter\CodeIgniter->handleRequest(NULL, Object(Config\Cache), false)
#8 C:\xampp\htdocs\SIDOINIKAH\public\index.php(45): CodeIgniter\CodeIgniter->run()
#9 C:\xampp\htdocs\SIDOINIKAH\system\Commands\Server\rewrite.php(34): require_once('C:\\xampp\\htdocs...')
#10 {main}
INFO - 2021-03-14 13:42:32 --> Controller "CodeIgniter\CLI\CommandRunner" loaded.
INFO - 2021-03-14 13:43:44 --> Controller "App\Controllers\base\Beranda" loaded.
CRITICAL - 2021-03-14 13:43:44 --> Unknown database 'sidoinikahv2'
#0 C:\xampp\htdocs\SIDOINIKAH\system\Database\BaseConnection.php(377): CodeIgniter\Database\MySQLi\Connection->connect(false)
#1 C:\xampp\htdocs\SIDOINIKAH\system\Database\BaseConnection.php(643): CodeIgniter\Database\BaseConnection->initialize()
#2 C:\xampp\htdocs\SIDOINIKAH\system\Database\BaseBuilder.php(1819): CodeIgniter\Database\BaseConnection->query('SELECT *\nFROM `...', Array, false)
#3 C:\xampp\htdocs\SIDOINIKAH\app\Models\base\BerandaModel.php(31): CodeIgniter\Database\BaseBuilder->get()
#4 C:\xampp\htdocs\SIDOINIKAH\app\Controllers\base\Beranda.php(26): App\Models\base\BerandaModel->get_all_themes()
#5 C:\xampp\htdocs\SIDOINIKAH\system\CodeIgniter.php(910): App\Controllers\base\Beranda->index()
#6 C:\xampp\htdocs\SIDOINIKAH\system\CodeIgniter.php(398): CodeIgniter\CodeIgniter->runController(Object(App\Controllers\base\Beranda))
#7 C:\xampp\htdocs\SIDOINIKAH\system\CodeIgniter.php(306): CodeIgniter\CodeIgniter->handleRequest(NULL, Object(Config\Cache), false)
#8 C:\xampp\htdocs\SIDOINIKAH\public\index.php(45): CodeIgniter\CodeIgniter->run()
#9 C:\xampp\htdocs\SIDOINIKAH\system\Commands\Server\rewrite.php(34): require_once('C:\\xampp\\htdocs...')
#10 {main}
INFO - 2021-03-14 13:43:47 --> Controller "App\Controllers\base\Beranda" loaded.
CRITICAL - 2021-03-14 13:43:48 --> Unknown database 'sidoinikahv2'
#0 C:\xampp\htdocs\SIDOINIKAH\system\Database\BaseConnection.php(377): CodeIgniter\Database\MySQLi\Connection->connect(false)
#1 C:\xampp\htdocs\SIDOINIKAH\system\Database\BaseConnection.php(643): CodeIgniter\Database\BaseConnection->initialize()
#2 C:\xampp\htdocs\SIDOINIKAH\system\Database\BaseBuilder.php(1819): CodeIgniter\Database\BaseConnection->query('SELECT *\nFROM `...', Array, false)
#3 C:\xampp\htdocs\SIDOINIKAH\app\Models\base\BerandaModel.php(31): CodeIgniter\Database\BaseBuilder->get()
#4 C:\xampp\htdocs\SIDOINIKAH\app\Controllers\base\Beranda.php(26): App\Models\base\BerandaModel->get_all_themes()
#5 C:\xampp\htdocs\SIDOINIKAH\system\CodeIgniter.php(910): App\Controllers\base\Beranda->index()
#6 C:\xampp\htdocs\SIDOINIKAH\system\CodeIgniter.php(398): CodeIgniter\CodeIgniter->runController(Object(App\Controllers\base\Beranda))
#7 C:\xampp\htdocs\SIDOINIKAH\system\CodeIgniter.php(306): CodeIgniter\CodeIgniter->handleRequest(NULL, Object(Config\Cache), false)
#8 C:\xampp\htdocs\SIDOINIKAH\public\index.php(45): CodeIgniter\CodeIgniter->run()
#9 C:\xampp\htdocs\SIDOINIKAH\system\Commands\Server\rewrite.php(34): require_once('C:\\xampp\\htdocs...')
#10 {main}
INFO - 2021-03-14 13:44:30 --> Controller "App\Controllers\base\Beranda" loaded.
INFO - 2021-03-14 13:45:11 --> Controller "App\Controllers\base\Beranda" loaded.
INFO - 2021-03-14 13:45:22 --> Session: Class initialized using 'CodeIgniter\Session\Handlers\FileHandler' driver.
INFO - 2021-03-14 13:45:23 --> Controller "App\Controllers\base\Dashboard" loaded.
INFO - 2021-03-14 13:46:07 --> Session: Class initialized using 'CodeIgniter\Session\Handlers\FileHandler' driver.
INFO - 2021-03-14 13:46:07 --> Controller "App\Controllers\base\Dashboard" loaded.
INFO - 2021-03-14 13:46:07 --> Session: Class initialized using 'CodeIgniter\Session\Handlers\FileHandler' driver.
INFO - 2021-03-14 13:46:07 --> Controller "App\Controllers\base\Dashboard" loaded.
INFO - 2021-03-14 13:46:21 --> Session: Class initialized using 'CodeIgniter\Session\Handlers\FileHandler' driver.
INFO - 2021-03-14 13:46:21 --> Controller "App\Controllers\base\Dashboard" loaded.
INFO - 2021-03-14 13:46:21 --> Session: Class initialized using 'CodeIgniter\Session\Handlers\FileHandler' driver.
INFO - 2021-03-14 13:46:22 --> Controller "App\Controllers\base\Dashboard" loaded.
INFO - 2021-03-14 13:48:39 --> Session: Class initialized using 'CodeIgniter\Session\Handlers\FileHandler' driver.
INFO - 2021-03-14 13:48:40 --> Controller "App\Controllers\base\Dashboard" loaded.
INFO - 2021-03-14 13:48:40 --> Session: Class initialized using 'CodeIgniter\Session\Handlers\FileHandler' driver.
INFO - 2021-03-14 13:48:40 --> Controller "App\Controllers\base\Dashboard" loaded.
INFO - 2021-03-14 13:49:10 --> Session: Class initialized using 'CodeIgniter\Session\Handlers\FileHandler' driver.
INFO - 2021-03-14 13:49:10 --> Controller "App\Controllers\base\Dashboard" loaded.
INFO - 2021-03-14 13:49:10 --> Session: Class initialized using 'CodeIgniter\Session\Handlers\FileHandler' driver.
INFO - 2021-03-14 13:49:10 --> Controller "App\Controllers\base\Dashboard" loaded.
INFO - 2021-03-14 13:50:37 --> Session: Class initialized using 'CodeIgniter\Session\Handlers\FileHandler' driver.
INFO - 2021-03-14 13:50:37 --> Controller "App\Controllers\base\Dashboard" loaded.
INFO - 2021-03-14 13:50:37 --> Session: Class initialized using 'CodeIgniter\Session\Handlers\FileHandler' driver.
INFO - 2021-03-14 13:50:38 --> Controller "App\Controllers\base\Dashboard" loaded.
INFO - 2021-03-14 13:54:03 --> Session: Class initialized using 'CodeIgniter\Session\Handlers\FileHandler' driver.
INFO - 2021-03-14 13:54:04 --> Controller "App\Controllers\base\Dashboard" loaded.
INFO - 2021-03-14 13:54:04 --> Session: Class initialized using 'CodeIgniter\Session\Handlers\FileHandler' driver.
INFO - 2021-03-14 13:54:04 --> Controller "App\Controllers\base\Dashboard" loaded.
INFO - 2021-03-14 13:54:37 --> Session: Class initialized using 'CodeIgniter\Session\Handlers\FileHandler' driver.
INFO - 2021-03-14 13:54:37 --> Controller "App\Controllers\base\Dashboard" loaded.
INFO - 2021-03-14 13:54:37 --> Session: Class initialized using 'CodeIgniter\Session\Handlers\FileHandler' driver.
INFO - 2021-03-14 13:54:37 --> Controller "App\Controllers\base\Dashboard" loaded.
INFO - 2021-03-14 13:55:16 --> Session: Class initialized using 'CodeIgniter\Session\Handlers\FileHandler' driver.
INFO - 2021-03-14 13:55:16 --> Controller "App\Controllers\base\Dashboard" loaded.
INFO - 2021-03-14 13:55:17 --> Session: Class initialized using 'CodeIgniter\Session\Handlers\FileHandler' driver.
INFO - 2021-03-14 13:55:17 --> Controller "App\Controllers\base\Dashboard" loaded.
INFO - 2021-03-14 13:56:00 --> Session: Class initialized using 'CodeIgniter\Session\Handlers\FileHandler' driver.
INFO - 2021-03-14 13:56:00 --> Controller "App\Controllers\base\Dashboard" loaded.
INFO - 2021-03-14 13:56:00 --> Session: Class initialized using 'CodeIgniter\Session\Handlers\FileHandler' driver.
INFO - 2021-03-14 13:56:00 --> Controller "App\Controllers\base\Dashboard" loaded.
INFO - 2021-03-14 13:56:42 --> Session: Class initialized using 'CodeIgniter\Session\Handlers\FileHandler' driver.
INFO - 2021-03-14 13:56:42 --> Controller "App\Controllers\base\Dashboard" loaded.
INFO - 2021-03-14 13:56:53 --> Session: Class initialized using 'CodeIgniter\Session\Handlers\FileHandler' driver.
INFO - 2021-03-14 13:56:53 --> Controller "App\Controllers\base\Dashboard" loaded.
INFO - 2021-03-14 13:56:54 --> Session: Class initialized using 'CodeIgniter\Session\Handlers\FileHandler' driver.
INFO - 2021-03-14 13:56:54 --> Controller "App\Controllers\base\Dashboard" loaded.
INFO - 2021-03-14 13:57:24 --> Session: Class initialized using 'CodeIgniter\Session\Handlers\FileHandler' driver.
INFO - 2021-03-14 13:57:24 --> Controller "App\Controllers\base\Dashboard" loaded.
