INFO - 2021-11-16 05:38:58 --> Controller "CodeIgniter\CLI\CommandRunner" loaded.
INFO - 2021-11-16 05:42:36 --> Controller "App\Controllers\base\Beranda" loaded.
CRITICAL - 2021-11-16 05:42:40 --> No connection could be made because the target machine actively refused it.

#0 C:\xampp\htdocs\lama\htdocs\SIDOINIKAH\system\Database\BaseConnection.php(377): CodeIgniter\Database\MySQLi\Connection->connect(false)
#1 C:\xampp\htdocs\lama\htdocs\SIDOINIKAH\system\Database\BaseConnection.php(643): CodeIgniter\Database\BaseConnection->initialize()
#2 C:\xampp\htdocs\lama\htdocs\SIDOINIKAH\system\Database\BaseBuilder.php(1819): CodeIgniter\Database\BaseConnection->query('SELECT *\nFROM `...', Array, false)
#3 C:\xampp\htdocs\lama\htdocs\SIDOINIKAH\app\Models\base\BerandaModel.php(31): CodeIgniter\Database\BaseBuilder->get()
#4 C:\xampp\htdocs\lama\htdocs\SIDOINIKAH\app\Controllers\base\Beranda.php(26): App\Models\base\BerandaModel->get_all_themes()
#5 C:\xampp\htdocs\lama\htdocs\SIDOINIKAH\system\CodeIgniter.php(910): App\Controllers\base\Beranda->index()
#6 C:\xampp\htdocs\lama\htdocs\SIDOINIKAH\system\CodeIgniter.php(398): CodeIgniter\CodeIgniter->runController(Object(App\Controllers\base\Beranda))
#7 C:\xampp\htdocs\lama\htdocs\SIDOINIKAH\system\CodeIgniter.php(306): CodeIgniter\CodeIgniter->handleRequest(NULL, Object(Config\Cache), false)
#8 C:\xampp\htdocs\lama\htdocs\SIDOINIKAH\public\index.php(45): CodeIgniter\CodeIgniter->run()
#9 C:\xampp\htdocs\lama\htdocs\SIDOINIKAH\system\Commands\Server\rewrite.php(34): require_once('C:\\xampp\\htdocs...')
#10 {main}
INFO - 2021-11-16 05:42:42 --> Controller "App\Controllers\base\Beranda" loaded.
CRITICAL - 2021-11-16 05:42:46 --> No connection could be made because the target machine actively refused it.

#0 C:\xampp\htdocs\lama\htdocs\SIDOINIKAH\system\Database\BaseConnection.php(377): CodeIgniter\Database\MySQLi\Connection->connect(false)
#1 C:\xampp\htdocs\lama\htdocs\SIDOINIKAH\system\Database\BaseConnection.php(643): CodeIgniter\Database\BaseConnection->initialize()
#2 C:\xampp\htdocs\lama\htdocs\SIDOINIKAH\system\Database\BaseBuilder.php(1819): CodeIgniter\Database\BaseConnection->query('SELECT *\nFROM `...', Array, false)
#3 C:\xampp\htdocs\lama\htdocs\SIDOINIKAH\app\Models\base\BerandaModel.php(31): CodeIgniter\Database\BaseBuilder->get()
#4 C:\xampp\htdocs\lama\htdocs\SIDOINIKAH\app\Controllers\base\Beranda.php(26): App\Models\base\BerandaModel->get_all_themes()
#5 C:\xampp\htdocs\lama\htdocs\SIDOINIKAH\system\CodeIgniter.php(910): App\Controllers\base\Beranda->index()
#6 C:\xampp\htdocs\lama\htdocs\SIDOINIKAH\system\CodeIgniter.php(398): CodeIgniter\CodeIgniter->runController(Object(App\Controllers\base\Beranda))
#7 C:\xampp\htdocs\lama\htdocs\SIDOINIKAH\system\CodeIgniter.php(306): CodeIgniter\CodeIgniter->handleRequest(NULL, Object(Config\Cache), false)
#8 C:\xampp\htdocs\lama\htdocs\SIDOINIKAH\public\index.php(45): CodeIgniter\CodeIgniter->run()
#9 C:\xampp\htdocs\lama\htdocs\SIDOINIKAH\system\Commands\Server\rewrite.php(34): require_once('C:\\xampp\\htdocs...')
#10 {main}
INFO - 2021-11-16 05:56:14 --> Controller "App\Controllers\base\Beranda" loaded.
INFO - 2021-11-16 05:56:36 --> Controller "App\Controllers\base\Beranda" loaded.
INFO - 2021-11-16 05:57:03 --> Controller "App\Controllers\base\Beranda" loaded.
INFO - 2021-11-16 05:59:39 --> Controller "App\Controllers\base\Beranda" loaded.
INFO - 2021-11-16 05:59:45 --> Session: Class initialized using 'CodeIgniter\Session\Handlers\FileHandler' driver.
INFO - 2021-11-16 05:59:45 --> Session: Class initialized using 'CodeIgniter\Session\Handlers\FileHandler' driver.
INFO - 2021-11-16 05:59:46 --> Controller "App\Controllers\base\Dashboard" loaded.
